[2024-02-10 17:18:22] production.ERROR: A CreateUsersTable class already exists. {"exception":"[object] (InvalidArgumentException(code: 0): A CreateUsersTable class already exists. at C:\\Users\\Janine\\OneDrive\\Documents\\3rd Year\\AppDev\\AppDevProject-main\\AppDevProject-main\\backend-final\\vendor\\laravel\\framework\\src\\Illuminate\\Database\\Migrations\\MigrationCreator.php:102)
[stacktrace]
#0 C:\\Users\\Janine\\OneDrive\\Documents\\3rd Year\\AppDev\\AppDevProject-main\\AppDevProject-main\\backend-final\\vendor\\laravel\\framework\\src\\Illuminate\\Database\\Migrations\\MigrationCreator.php(59): Illuminate\\Database\\Migrations\\MigrationCreator->ensureMigrationDoesntAlreadyExist()
#1 C:\\Users\\Janine\\OneDrive\\Documents\\3rd Year\\AppDev\\AppDevProject-main\\AppDevProject-main\\backend-final\\vendor\\laravel\\framework\\src\\Illuminate\\Database\\Console\\Migrations\\MigrateMakeCommand.php(110): Illuminate\\Database\\Migrations\\MigrationCreator->create()
#2 C:\\Users\\Janine\\OneDrive\\Documents\\3rd Year\\AppDev\\AppDevProject-main\\AppDevProject-main\\backend-final\\vendor\\laravel\\framework\\src\\Illuminate\\Database\\Console\\Migrations\\MigrateMakeCommand.php(97): Illuminate\\Database\\Console\\Migrations\\MigrateMakeCommand->writeMigration()
#3 C:\\Users\\Janine\\OneDrive\\Documents\\3rd Year\\AppDev\\AppDevProject-main\\AppDevProject-main\\backend-final\\vendor\\laravel\\framework\\src\\Illuminate\\Container\\BoundMethod.php(36): Illuminate\\Database\\Console\\Migrations\\MigrateMakeCommand->handle()
#4 C:\\Users\\Janine\\OneDrive\\Documents\\3rd Year\\AppDev\\AppDevProject-main\\AppDevProject-main\\backend-final\\vendor\\laravel\\framework\\src\\Illuminate\\Container\\Util.php(41): Illuminate\\Container\\BoundMethod::Illuminate\\Container\\{closure}()
#5 C:\\Users\\Janine\\OneDrive\\Documents\\3rd Year\\AppDev\\AppDevProject-main\\AppDevProject-main\\backend-final\\vendor\\laravel\\framework\\src\\Illuminate\\Container\\BoundMethod.php(93): Illuminate\\Container\\Util::unwrapIfClosure()
#6 C:\\Users\\Janine\\OneDrive\\Documents\\3rd Year\\AppDev\\AppDevProject-main\\AppDevProject-main\\backend-final\\vendor\\laravel\\framework\\src\\Illuminate\\Container\\BoundMethod.php(35): Illuminate\\Container\\BoundMethod::callBoundMethod()
#7 C:\\Users\\Janine\\OneDrive\\Documents\\3rd Year\\AppDev\\AppDevProject-main\\AppDevProject-main\\backend-final\\vendor\\laravel\\framework\\src\\Illuminate\\Container\\Container.php(662): Illuminate\\Container\\BoundMethod::call()
#8 C:\\Users\\Janine\\OneDrive\\Documents\\3rd Year\\AppDev\\AppDevProject-main\\AppDevProject-main\\backend-final\\vendor\\laravel\\framework\\src\\Illuminate\\Console\\Command.php(211): Illuminate\\Container\\Container->call()
#9 C:\\Users\\Janine\\OneDrive\\Documents\\3rd Year\\AppDev\\AppDevProject-main\\AppDevProject-main\\backend-final\\vendor\\symfony\\console\\Command\\Command.php(326): Illuminate\\Console\\Command->execute()
#10 C:\\Users\\Janine\\OneDrive\\Documents\\3rd Year\\AppDev\\AppDevProject-main\\AppDevProject-main\\backend-final\\vendor\\laravel\\framework\\src\\Illuminate\\Console\\Command.php(180): Symfony\\Component\\Console\\Command\\Command->run()
#11 C:\\Users\\Janine\\OneDrive\\Documents\\3rd Year\\AppDev\\AppDevProject-main\\AppDevProject-main\\backend-final\\vendor\\symfony\\console\\Application.php(1096): Illuminate\\Console\\Command->run()
#12 C:\\Users\\Janine\\OneDrive\\Documents\\3rd Year\\AppDev\\AppDevProject-main\\AppDevProject-main\\backend-final\\vendor\\symfony\\console\\Application.php(324): Symfony\\Component\\Console\\Application->doRunCommand()
#13 C:\\Users\\Janine\\OneDrive\\Documents\\3rd Year\\AppDev\\AppDevProject-main\\AppDevProject-main\\backend-final\\vendor\\symfony\\console\\Application.php(175): Symfony\\Component\\Console\\Application->doRun()
#14 C:\\Users\\Janine\\OneDrive\\Documents\\3rd Year\\AppDev\\AppDevProject-main\\AppDevProject-main\\backend-final\\vendor\\laravel\\framework\\src\\Illuminate\\Foundation\\Console\\Kernel.php(201): Symfony\\Component\\Console\\Application->run()
#15 C:\\Users\\Janine\\OneDrive\\Documents\\3rd Year\\AppDev\\AppDevProject-main\\AppDevProject-main\\backend-final\\artisan(35): Illuminate\\Foundation\\Console\\Kernel->handle()
#16 {main}
"} 
[2024-02-10 17:22:39] production.ERROR: could not find driver (Connection: mysql, SQL: select table_name as `name`, (data_length + index_length) as `size`, table_comment as `comment`, engine as `engine`, table_collation as `collation` from information_schema.tables where table_schema = 'laravel' and table_type in ('BASE TABLE', 'SYSTEM VERSIONED') order by table_name) {"exception":"[object] (Illuminate\\Database\\QueryException(code: 0): could not find driver (Connection: mysql, SQL: select table_name as `name`, (data_length + index_length) as `size`, table_comment as `comment`, engine as `engine`, table_collation as `collation` from information_schema.tables where table_schema = 'laravel' and table_type in ('BASE TABLE', 'SYSTEM VERSIONED') order by table_name) at C:\\Users\\Janine\\OneDrive\\Documents\\3rd Year\\AppDev\\AppDevProject-main\\AppDevProject-main\\backend-final\\vendor\\laravel\\framework\\src\\Illuminate\\Database\\Connection.php:829)
[stacktrace]
#0 C:\\Users\\Janine\\OneDrive\\Documents\\3rd Year\\AppDev\\AppDevProject-main\\AppDevProject-main\\backend-final\\vendor\\laravel\\framework\\src\\Illuminate\\Database\\Connection.php(783): Illuminate\\Database\\Connection->runQueryCallback()
#1 C:\\Users\\Janine\\OneDrive\\Documents\\3rd Year\\AppDev\\AppDevProject-main\\AppDevProject-main\\backend-final\\vendor\\laravel\\framework\\src\\Illuminate\\Database\\Connection.php(414): Illuminate\\Database\\Connection->run()
#2 C:\\Users\\Janine\\OneDrive\\Documents\\3rd Year\\AppDev\\AppDevProject-main\\AppDevProject-main\\backend-final\\vendor\\laravel\\framework\\src\\Illuminate\\Database\\Connection.php(401): Illuminate\\Database\\Connection->select()
#3 C:\\Users\\Janine\\OneDrive\\Documents\\3rd Year\\AppDev\\AppDevProject-main\\AppDevProject-main\\backend-final\\vendor\\laravel\\framework\\src\\Illuminate\\Database\\Schema\\MySqlBuilder.php(41): Illuminate\\Database\\Connection->selectFromWriteConnection()
#4 C:\\Users\\Janine\\OneDrive\\Documents\\3rd Year\\AppDev\\AppDevProject-main\\AppDevProject-main\\backend-final\\vendor\\laravel\\framework\\src\\Illuminate\\Database\\Schema\\Builder.php(165): Illuminate\\Database\\Schema\\MySqlBuilder->getTables()
#5 C:\\Users\\Janine\\OneDrive\\Documents\\3rd Year\\AppDev\\AppDevProject-main\\AppDevProject-main\\backend-final\\vendor\\laravel\\framework\\src\\Illuminate\\Database\\Migrations\\DatabaseMigrationRepository.php(184): Illuminate\\Database\\Schema\\Builder->hasTable()
#6 C:\\Users\\Janine\\OneDrive\\Documents\\3rd Year\\AppDev\\AppDevProject-main\\AppDevProject-main\\backend-final\\vendor\\laravel\\framework\\src\\Illuminate\\Database\\Migrations\\Migrator.php(700): Illuminate\\Database\\Migrations\\DatabaseMigrationRepository->repositoryExists()
#7 C:\\Users\\Janine\\OneDrive\\Documents\\3rd Year\\AppDev\\AppDevProject-main\\AppDevProject-main\\backend-final\\vendor\\laravel\\framework\\src\\Illuminate\\Database\\Console\\Migrations\\MigrateCommand.php(140): Illuminate\\Database\\Migrations\\Migrator->repositoryExists()
#8 C:\\Users\\Janine\\OneDrive\\Documents\\3rd Year\\AppDev\\AppDevProject-main\\AppDevProject-main\\backend-final\\vendor\\laravel\\framework\\src\\Illuminate\\Support\\helpers.php(248): Illuminate\\Database\\Console\\Migrations\\MigrateCommand->Illuminate\\Database\\Console\\Migrations\\{closure}()
#9 C:\\Users\\Janine\\OneDrive\\Documents\\3rd Year\\AppDev\\AppDevProject-main\\AppDevProject-main\\backend-final\\vendor\\laravel\\framework\\src\\Illuminate\\Database\\Console\\Migrations\\MigrateCommand.php(140): retry()
#10 C:\\Users\\Janine\\OneDrive\\Documents\\3rd Year\\AppDev\\AppDevProject-main\\AppDevProject-main\\backend-final\\vendor\\laravel\\framework\\src\\Illuminate\\Database\\Console\\Migrations\\MigrateCommand.php(116): Illuminate\\Database\\Console\\Migrations\\MigrateCommand->repositoryExists()
#11 C:\\Users\\Janine\\OneDrive\\Documents\\3rd Year\\AppDev\\AppDevProject-main\\AppDevProject-main\\backend-final\\vendor\\laravel\\framework\\src\\Illuminate\\Database\\Console\\Migrations\\MigrateCommand.php(84): Illuminate\\Database\\Console\\Migrations\\MigrateCommand->prepareDatabase()
#12 C:\\Users\\Janine\\OneDrive\\Documents\\3rd Year\\AppDev\\AppDevProject-main\\AppDevProject-main\\backend-final\\vendor\\laravel\\framework\\src\\Illuminate\\Database\\Migrations\\Migrator.php(633): Illuminate\\Database\\Console\\Migrations\\MigrateCommand->Illuminate\\Database\\Console\\Migrations\\{closure}()
#13 C:\\Users\\Janine\\OneDrive\\Documents\\3rd Year\\AppDev\\AppDevProject-main\\AppDevProject-main\\backend-final\\vendor\\laravel\\framework\\src\\Illuminate\\Database\\Console\\Migrations\\MigrateCommand.php(83): Illuminate\\Database\\Migrations\\Migrator->usingConnection()
#14 C:\\Users\\Janine\\OneDrive\\Documents\\3rd Year\\AppDev\\AppDevProject-main\\AppDevProject-main\\backend-final\\vendor\\laravel\\framework\\src\\Illuminate\\Container\\BoundMethod.php(36): Illuminate\\Database\\Console\\Migrations\\MigrateCommand->handle()
#15 C:\\Users\\Janine\\OneDrive\\Documents\\3rd Year\\AppDev\\AppDevProject-main\\AppDevProject-main\\backend-final\\vendor\\laravel\\framework\\src\\Illuminate\\Container\\Util.php(41): Illuminate\\Container\\BoundMethod::Illuminate\\Container\\{closure}()
#16 C:\\Users\\Janine\\OneDrive\\Documents\\3rd Year\\AppDev\\AppDevProject-main\\AppDevProject-main\\backend-final\\vendor\\laravel\\framework\\src\\Illuminate\\Container\\BoundMethod.php(93): Illuminate\\Container\\Util::unwrapIfClosure()
#17 C:\\Users\\Janine\\OneDrive\\Documents\\3rd Year\\AppDev\\AppDevProject-main\\AppDevProject-main\\backend-final\\vendor\\laravel\\framework\\src\\Illuminate\\Container\\BoundMethod.php(35): Illuminate\\Container\\BoundMethod::callBoundMethod()
#18 C:\\Users\\Janine\\OneDrive\\Documents\\3rd Year\\AppDev\\AppDevProject-main\\AppDevProject-main\\backend-final\\vendor\\laravel\\framework\\src\\Illuminate\\Container\\Container.php(662): Illuminate\\Container\\BoundMethod::call()
#19 C:\\Users\\Janine\\OneDrive\\Documents\\3rd Year\\AppDev\\AppDevProject-main\\AppDevProject-main\\backend-final\\vendor\\laravel\\framework\\src\\Illuminate\\Console\\Command.php(211): Illuminate\\Container\\Container->call()
#20 C:\\Users\\Janine\\OneDrive\\Documents\\3rd Year\\AppDev\\AppDevProject-main\\AppDevProject-main\\backend-final\\vendor\\symfony\\console\\Command\\Command.php(326): Illuminate\\Console\\Command->execute()
#21 C:\\Users\\Janine\\OneDrive\\Documents\\3rd Year\\AppDev\\AppDevProject-main\\AppDevProject-main\\backend-final\\vendor\\laravel\\framework\\src\\Illuminate\\Console\\Command.php(180): Symfony\\Component\\Console\\Command\\Command->run()
#22 C:\\Users\\Janine\\OneDrive\\Documents\\3rd Year\\AppDev\\AppDevProject-main\\AppDevProject-main\\backend-final\\vendor\\symfony\\console\\Application.php(1096): Illuminate\\Console\\Command->run()
#23 C:\\Users\\Janine\\OneDrive\\Documents\\3rd Year\\AppDev\\AppDevProject-main\\AppDevProject-main\\backend-final\\vendor\\symfony\\console\\Application.php(324): Symfony\\Component\\Console\\Application->doRunCommand()
#24 C:\\Users\\Janine\\OneDrive\\Documents\\3rd Year\\AppDev\\AppDevProject-main\\AppDevProject-main\\backend-final\\vendor\\symfony\\console\\Application.php(175): Symfony\\Component\\Console\\Application->doRun()
#25 C:\\Users\\Janine\\OneDrive\\Documents\\3rd Year\\AppDev\\AppDevProject-main\\AppDevProject-main\\backend-final\\vendor\\laravel\\framework\\src\\Illuminate\\Foundation\\Console\\Kernel.php(201): Symfony\\Component\\Console\\Application->run()
#26 C:\\Users\\Janine\\OneDrive\\Documents\\3rd Year\\AppDev\\AppDevProject-main\\AppDevProject-main\\backend-final\\artisan(35): Illuminate\\Foundation\\Console\\Kernel->handle()
#27 {main}

[previous exception] [object] (PDOException(code: 0): could not find driver at C:\\Users\\Janine\\OneDrive\\Documents\\3rd Year\\AppDev\\AppDevProject-main\\AppDevProject-main\\backend-final\\vendor\\laravel\\framework\\src\\Illuminate\\Database\\Connectors\\Connector.php:65)
[stacktrace]
#0 C:\\Users\\Janine\\OneDrive\\Documents\\3rd Year\\AppDev\\AppDevProject-main\\AppDevProject-main\\backend-final\\vendor\\laravel\\framework\\src\\Illuminate\\Database\\Connectors\\Connector.php(65): PDO->__construct()
#1 C:\\Users\\Janine\\OneDrive\\Documents\\3rd Year\\AppDev\\AppDevProject-main\\AppDevProject-main\\backend-final\\vendor\\laravel\\framework\\src\\Illuminate\\Database\\Connectors\\Connector.php(44): Illuminate\\Database\\Connectors\\Connector->createPdoConnection()
#2 C:\\Users\\Janine\\OneDrive\\Documents\\3rd Year\\AppDev\\AppDevProject-main\\AppDevProject-main\\backend-final\\vendor\\laravel\\framework\\src\\Illuminate\\Database\\Connectors\\MySqlConnector.php(24): Illuminate\\Database\\Connectors\\Connector->createConnection()
#3 C:\\Users\\Janine\\OneDrive\\Documents\\3rd Year\\AppDev\\AppDevProject-main\\AppDevProject-main\\backend-final\\vendor\\laravel\\framework\\src\\Illuminate\\Database\\Connectors\\ConnectionFactory.php(184): Illuminate\\Database\\Connectors\\MySqlConnector->connect()
#4 [internal function]: Illuminate\\Database\\Connectors\\ConnectionFactory->Illuminate\\Database\\Connectors\\{closure}()
#5 C:\\Users\\Janine\\OneDrive\\Documents\\3rd Year\\AppDev\\AppDevProject-main\\AppDevProject-main\\backend-final\\vendor\\laravel\\framework\\src\\Illuminate\\Database\\Connection.php(1339): call_user_func()
#6 C:\\Users\\Janine\\OneDrive\\Documents\\3rd Year\\AppDev\\AppDevProject-main\\AppDevProject-main\\backend-final\\vendor\\laravel\\framework\\src\\Illuminate\\Database\\Connection.php(528): Illuminate\\Database\\Connection->getPdo()
#7 C:\\Users\\Janine\\OneDrive\\Documents\\3rd Year\\AppDev\\AppDevProject-main\\AppDevProject-main\\backend-final\\vendor\\laravel\\framework\\src\\Illuminate\\Database\\Connection.php(423): Illuminate\\Database\\Connection->getPdoForSelect()
#8 C:\\Users\\Janine\\OneDrive\\Documents\\3rd Year\\AppDev\\AppDevProject-main\\AppDevProject-main\\backend-final\\vendor\\laravel\\framework\\src\\Illuminate\\Database\\Connection.php(816): Illuminate\\Database\\Connection->Illuminate\\Database\\{closure}()
#9 C:\\Users\\Janine\\OneDrive\\Documents\\3rd Year\\AppDev\\AppDevProject-main\\AppDevProject-main\\backend-final\\vendor\\laravel\\framework\\src\\Illuminate\\Database\\Connection.php(783): Illuminate\\Database\\Connection->runQueryCallback()
#10 C:\\Users\\Janine\\OneDrive\\Documents\\3rd Year\\AppDev\\AppDevProject-main\\AppDevProject-main\\backend-final\\vendor\\laravel\\framework\\src\\Illuminate\\Database\\Connection.php(414): Illuminate\\Database\\Connection->run()
#11 C:\\Users\\Janine\\OneDrive\\Documents\\3rd Year\\AppDev\\AppDevProject-main\\AppDevProject-main\\backend-final\\vendor\\laravel\\framework\\src\\Illuminate\\Database\\Connection.php(401): Illuminate\\Database\\Connection->select()
#12 C:\\Users\\Janine\\OneDrive\\Documents\\3rd Year\\AppDev\\AppDevProject-main\\AppDevProject-main\\backend-final\\vendor\\laravel\\framework\\src\\Illuminate\\Database\\Schema\\MySqlBuilder.php(41): Illuminate\\Database\\Connection->selectFromWriteConnection()
#13 C:\\Users\\Janine\\OneDrive\\Documents\\3rd Year\\AppDev\\AppDevProject-main\\AppDevProject-main\\backend-final\\vendor\\laravel\\framework\\src\\Illuminate\\Database\\Schema\\Builder.php(165): Illuminate\\Database\\Schema\\MySqlBuilder->getTables()
#14 C:\\Users\\Janine\\OneDrive\\Documents\\3rd Year\\AppDev\\AppDevProject-main\\AppDevProject-main\\backend-final\\vendor\\laravel\\framework\\src\\Illuminate\\Database\\Migrations\\DatabaseMigrationRepository.php(184): Illuminate\\Database\\Schema\\Builder->hasTable()
#15 C:\\Users\\Janine\\OneDrive\\Documents\\3rd Year\\AppDev\\AppDevProject-main\\AppDevProject-main\\backend-final\\vendor\\laravel\\framework\\src\\Illuminate\\Database\\Migrations\\Migrator.php(700): Illuminate\\Database\\Migrations\\DatabaseMigrationRepository->repositoryExists()
#16 C:\\Users\\Janine\\OneDrive\\Documents\\3rd Year\\AppDev\\AppDevProject-main\\AppDevProject-main\\backend-final\\vendor\\laravel\\framework\\src\\Illuminate\\Database\\Console\\Migrations\\MigrateCommand.php(140): Illuminate\\Database\\Migrations\\Migrator->repositoryExists()
#17 C:\\Users\\Janine\\OneDrive\\Documents\\3rd Year\\AppDev\\AppDevProject-main\\AppDevProject-main\\backend-final\\vendor\\laravel\\framework\\src\\Illuminate\\Support\\helpers.php(248): Illuminate\\Database\\Console\\Migrations\\MigrateCommand->Illuminate\\Database\\Console\\Migrations\\{closure}()
#18 C:\\Users\\Janine\\OneDrive\\Documents\\3rd Year\\AppDev\\AppDevProject-main\\AppDevProject-main\\backend-final\\vendor\\laravel\\framework\\src\\Illuminate\\Database\\Console\\Migrations\\MigrateCommand.php(140): retry()
#19 C:\\Users\\Janine\\OneDrive\\Documents\\3rd Year\\AppDev\\AppDevProject-main\\AppDevProject-main\\backend-final\\vendor\\laravel\\framework\\src\\Illuminate\\Database\\Console\\Migrations\\MigrateCommand.php(116): Illuminate\\Database\\Console\\Migrations\\MigrateCommand->repositoryExists()
#20 C:\\Users\\Janine\\OneDrive\\Documents\\3rd Year\\AppDev\\AppDevProject-main\\AppDevProject-main\\backend-final\\vendor\\laravel\\framework\\src\\Illuminate\\Database\\Console\\Migrations\\MigrateCommand.php(84): Illuminate\\Database\\Console\\Migrations\\MigrateCommand->prepareDatabase()
#21 C:\\Users\\Janine\\OneDrive\\Documents\\3rd Year\\AppDev\\AppDevProject-main\\AppDevProject-main\\backend-final\\vendor\\laravel\\framework\\src\\Illuminate\\Database\\Migrations\\Migrator.php(633): Illuminate\\Database\\Console\\Migrations\\MigrateCommand->Illuminate\\Database\\Console\\Migrations\\{closure}()
#22 C:\\Users\\Janine\\OneDrive\\Documents\\3rd Year\\AppDev\\AppDevProject-main\\AppDevProject-main\\backend-final\\vendor\\laravel\\framework\\src\\Illuminate\\Database\\Console\\Migrations\\MigrateCommand.php(83): Illuminate\\Database\\Migrations\\Migrator->usingConnection()
#23 C:\\Users\\Janine\\OneDrive\\Documents\\3rd Year\\AppDev\\AppDevProject-main\\AppDevProject-main\\backend-final\\vendor\\laravel\\framework\\src\\Illuminate\\Container\\BoundMethod.php(36): Illuminate\\Database\\Console\\Migrations\\MigrateCommand->handle()
#24 C:\\Users\\Janine\\OneDrive\\Documents\\3rd Year\\AppDev\\AppDevProject-main\\AppDevProject-main\\backend-final\\vendor\\laravel\\framework\\src\\Illuminate\\Container\\Util.php(41): Illuminate\\Container\\BoundMethod::Illuminate\\Container\\{closure}()
#25 C:\\Users\\Janine\\OneDrive\\Documents\\3rd Year\\AppDev\\AppDevProject-main\\AppDevProject-main\\backend-final\\vendor\\laravel\\framework\\src\\Illuminate\\Container\\BoundMethod.php(93): Illuminate\\Container\\Util::unwrapIfClosure()
#26 C:\\Users\\Janine\\OneDrive\\Documents\\3rd Year\\AppDev\\AppDevProject-main\\AppDevProject-main\\backend-final\\vendor\\laravel\\framework\\src\\Illuminate\\Container\\BoundMethod.php(35): Illuminate\\Container\\BoundMethod::callBoundMethod()
#27 C:\\Users\\Janine\\OneDrive\\Documents\\3rd Year\\AppDev\\AppDevProject-main\\AppDevProject-main\\backend-final\\vendor\\laravel\\framework\\src\\Illuminate\\Container\\Container.php(662): Illuminate\\Container\\BoundMethod::call()
#28 C:\\Users\\Janine\\OneDrive\\Documents\\3rd Year\\AppDev\\AppDevProject-main\\AppDevProject-main\\backend-final\\vendor\\laravel\\framework\\src\\Illuminate\\Console\\Command.php(211): Illuminate\\Container\\Container->call()
#29 C:\\Users\\Janine\\OneDrive\\Documents\\3rd Year\\AppDev\\AppDevProject-main\\AppDevProject-main\\backend-final\\vendor\\symfony\\console\\Command\\Command.php(326): Illuminate\\Console\\Command->execute()
#30 C:\\Users\\Janine\\OneDrive\\Documents\\3rd Year\\AppDev\\AppDevProject-main\\AppDevProject-main\\backend-final\\vendor\\laravel\\framework\\src\\Illuminate\\Console\\Command.php(180): Symfony\\Component\\Console\\Command\\Command->run()
#31 C:\\Users\\Janine\\OneDrive\\Documents\\3rd Year\\AppDev\\AppDevProject-main\\AppDevProject-main\\backend-final\\vendor\\symfony\\console\\Application.php(1096): Illuminate\\Console\\Command->run()
#32 C:\\Users\\Janine\\OneDrive\\Documents\\3rd Year\\AppDev\\AppDevProject-main\\AppDevProject-main\\backend-final\\vendor\\symfony\\console\\Application.php(324): Symfony\\Component\\Console\\Application->doRunCommand()
#33 C:\\Users\\Janine\\OneDrive\\Documents\\3rd Year\\AppDev\\AppDevProject-main\\AppDevProject-main\\backend-final\\vendor\\symfony\\console\\Application.php(175): Symfony\\Component\\Console\\Application->doRun()
#34 C:\\Users\\Janine\\OneDrive\\Documents\\3rd Year\\AppDev\\AppDevProject-main\\AppDevProject-main\\backend-final\\vendor\\laravel\\framework\\src\\Illuminate\\Foundation\\Console\\Kernel.php(201): Symfony\\Component\\Console\\Application->run()
#35 C:\\Users\\Janine\\OneDrive\\Documents\\3rd Year\\AppDev\\AppDevProject-main\\AppDevProject-main\\backend-final\\artisan(35): Illuminate\\Foundation\\Console\\Kernel->handle()
#36 {main}
"} 
[2024-02-10 17:41:20] production.ERROR: SQLSTATE[42S01]: Base table or view already exists: 1050 Table 'users' already exists (Connection: mysql, SQL: create table `users` (`id` bigint unsigned not null auto_increment primary key, `first_name` varchar(255) not null, `last_name` varchar(255) not null, `username` varchar(255) not null, `email` varchar(255) not null, `password` varchar(255) not null, `password_confirmation` varchar(255) not null, `created_at` timestamp null, `updated_at` timestamp null) default character set utf8mb4 collate 'utf8mb4_unicode_ci') {"exception":"[object] (Illuminate\\Database\\QueryException(code: 42S01): SQLSTATE[42S01]: Base table or view already exists: 1050 Table 'users' already exists (Connection: mysql, SQL: create table `users` (`id` bigint unsigned not null auto_increment primary key, `first_name` varchar(255) not null, `last_name` varchar(255) not null, `username` varchar(255) not null, `email` varchar(255) not null, `password` varchar(255) not null, `password_confirmation` varchar(255) not null, `created_at` timestamp null, `updated_at` timestamp null) default character set utf8mb4 collate 'utf8mb4_unicode_ci') at C:\\Users\\Janine\\OneDrive\\Documents\\3rd Year\\AppDev\\AppDevProject-main\\AppDevProject-main\\backend-final\\vendor\\laravel\\framework\\src\\Illuminate\\Database\\Connection.php:829)
[stacktrace]
#0 C:\\Users\\Janine\\OneDrive\\Documents\\3rd Year\\AppDev\\AppDevProject-main\\AppDevProject-main\\backend-final\\vendor\\laravel\\framework\\src\\Illuminate\\Database\\Connection.php(783): Illuminate\\Database\\Connection->runQueryCallback()
#1 C:\\Users\\Janine\\OneDrive\\Documents\\3rd Year\\AppDev\\AppDevProject-main\\AppDevProject-main\\backend-final\\vendor\\laravel\\framework\\src\\Illuminate\\Database\\Connection.php(576): Illuminate\\Database\\Connection->run()
#2 C:\\Users\\Janine\\OneDrive\\Documents\\3rd Year\\AppDev\\AppDevProject-main\\AppDevProject-main\\backend-final\\vendor\\laravel\\framework\\src\\Illuminate\\Database\\Schema\\Blueprint.php(110): Illuminate\\Database\\Connection->statement()
#3 C:\\Users\\Janine\\OneDrive\\Documents\\3rd Year\\AppDev\\AppDevProject-main\\AppDevProject-main\\backend-final\\vendor\\laravel\\framework\\src\\Illuminate\\Database\\Schema\\Builder.php(602): Illuminate\\Database\\Schema\\Blueprint->build()
#4 C:\\Users\\Janine\\OneDrive\\Documents\\3rd Year\\AppDev\\AppDevProject-main\\AppDevProject-main\\backend-final\\vendor\\laravel\\framework\\src\\Illuminate\\Database\\Schema\\Builder.php(456): Illuminate\\Database\\Schema\\Builder->build()
#5 C:\\Users\\Janine\\OneDrive\\Documents\\3rd Year\\AppDev\\AppDevProject-main\\AppDevProject-main\\backend-final\\vendor\\laravel\\framework\\src\\Illuminate\\Support\\Facades\\Facade.php(355): Illuminate\\Database\\Schema\\Builder->create()
#6 C:\\Users\\Janine\\OneDrive\\Documents\\3rd Year\\AppDev\\AppDevProject-main\\AppDevProject-main\\backend-final\\database\\migrations\\2024_02_08_192813_create_users_table.php(11): Illuminate\\Support\\Facades\\Facade::__callStatic()
#7 C:\\Users\\Janine\\OneDrive\\Documents\\3rd Year\\AppDev\\AppDevProject-main\\AppDevProject-main\\backend-final\\vendor\\laravel\\framework\\src\\Illuminate\\Database\\Migrations\\Migrator.php(493): CreateUsersTable->up()
#8 C:\\Users\\Janine\\OneDrive\\Documents\\3rd Year\\AppDev\\AppDevProject-main\\AppDevProject-main\\backend-final\\vendor\\laravel\\framework\\src\\Illuminate\\Database\\Migrations\\Migrator.php(410): Illuminate\\Database\\Migrations\\Migrator->runMethod()
#9 C:\\Users\\Janine\\OneDrive\\Documents\\3rd Year\\AppDev\\AppDevProject-main\\AppDevProject-main\\backend-final\\vendor\\laravel\\framework\\src\\Illuminate\\Database\\Migrations\\Migrator.php(419): Illuminate\\Database\\Migrations\\Migrator->Illuminate\\Database\\Migrations\\{closure}()
#10 C:\\Users\\Janine\\OneDrive\\Documents\\3rd Year\\AppDev\\AppDevProject-main\\AppDevProject-main\\backend-final\\vendor\\laravel\\framework\\src\\Illuminate\\Database\\Migrations\\Migrator.php(216): Illuminate\\Database\\Migrations\\Migrator->runMigration()
#11 C:\\Users\\Janine\\OneDrive\\Documents\\3rd Year\\AppDev\\AppDevProject-main\\AppDevProject-main\\backend-final\\vendor\\laravel\\framework\\src\\Illuminate\\Console\\View\\Components\\Task.php(37): Illuminate\\Database\\Migrations\\Migrator->Illuminate\\Database\\Migrations\\{closure}()
#12 C:\\Users\\Janine\\OneDrive\\Documents\\3rd Year\\AppDev\\AppDevProject-main\\AppDevProject-main\\backend-final\\vendor\\laravel\\framework\\src\\Illuminate\\Database\\Migrations\\Migrator.php(756): Illuminate\\Console\\View\\Components\\Task->render()
#13 C:\\Users\\Janine\\OneDrive\\Documents\\3rd Year\\AppDev\\AppDevProject-main\\AppDevProject-main\\backend-final\\vendor\\laravel\\framework\\src\\Illuminate\\Database\\Migrations\\Migrator.php(216): Illuminate\\Database\\Migrations\\Migrator->write()
#14 C:\\Users\\Janine\\OneDrive\\Documents\\3rd Year\\AppDev\\AppDevProject-main\\AppDevProject-main\\backend-final\\vendor\\laravel\\framework\\src\\Illuminate\\Database\\Migrations\\Migrator.php(181): Illuminate\\Database\\Migrations\\Migrator->runUp()
#15 C:\\Users\\Janine\\OneDrive\\Documents\\3rd Year\\AppDev\\AppDevProject-main\\AppDevProject-main\\backend-final\\vendor\\laravel\\framework\\src\\Illuminate\\Database\\Migrations\\Migrator.php(124): Illuminate\\Database\\Migrations\\Migrator->runPending()
#16 C:\\Users\\Janine\\OneDrive\\Documents\\3rd Year\\AppDev\\AppDevProject-main\\AppDevProject-main\\backend-final\\vendor\\laravel\\framework\\src\\Illuminate\\Database\\Console\\Migrations\\MigrateCommand.php(90): Illuminate\\Database\\Migrations\\Migrator->run()
#17 C:\\Users\\Janine\\OneDrive\\Documents\\3rd Year\\AppDev\\AppDevProject-main\\AppDevProject-main\\backend-final\\vendor\\laravel\\framework\\src\\Illuminate\\Database\\Migrations\\Migrator.php(633): Illuminate\\Database\\Console\\Migrations\\MigrateCommand->Illuminate\\Database\\Console\\Migrations\\{closure}()
#18 C:\\Users\\Janine\\OneDrive\\Documents\\3rd Year\\AppDev\\AppDevProject-main\\AppDevProject-main\\backend-final\\vendor\\laravel\\framework\\src\\Illuminate\\Database\\Console\\Migrations\\MigrateCommand.php(83): Illuminate\\Database\\Migrations\\Migrator->usingConnection()
#19 C:\\Users\\Janine\\OneDrive\\Documents\\3rd Year\\AppDev\\AppDevProject-main\\AppDevProject-main\\backend-final\\vendor\\laravel\\framework\\src\\Illuminate\\Container\\BoundMethod.php(36): Illuminate\\Database\\Console\\Migrations\\MigrateCommand->handle()
#20 C:\\Users\\Janine\\OneDrive\\Documents\\3rd Year\\AppDev\\AppDevProject-main\\AppDevProject-main\\backend-final\\vendor\\laravel\\framework\\src\\Illuminate\\Container\\Util.php(41): Illuminate\\Container\\BoundMethod::Illuminate\\Container\\{closure}()
#21 C:\\Users\\Janine\\OneDrive\\Documents\\3rd Year\\AppDev\\AppDevProject-main\\AppDevProject-main\\backend-final\\vendor\\laravel\\framework\\src\\Illuminate\\Container\\BoundMethod.php(93): Illuminate\\Container\\Util::unwrapIfClosure()
#22 C:\\Users\\Janine\\OneDrive\\Documents\\3rd Year\\AppDev\\AppDevProject-main\\AppDevProject-main\\backend-final\\vendor\\laravel\\framework\\src\\Illuminate\\Container\\BoundMethod.php(35): Illuminate\\Container\\BoundMethod::callBoundMethod()
#23 C:\\Users\\Janine\\OneDrive\\Documents\\3rd Year\\AppDev\\AppDevProject-main\\AppDevProject-main\\backend-final\\vendor\\laravel\\framework\\src\\Illuminate\\Container\\Container.php(662): Illuminate\\Container\\BoundMethod::call()
#24 C:\\Users\\Janine\\OneDrive\\Documents\\3rd Year\\AppDev\\AppDevProject-main\\AppDevProject-main\\backend-final\\vendor\\laravel\\framework\\src\\Illuminate\\Console\\Command.php(211): Illuminate\\Container\\Container->call()
#25 C:\\Users\\Janine\\OneDrive\\Documents\\3rd Year\\AppDev\\AppDevProject-main\\AppDevProject-main\\backend-final\\vendor\\symfony\\console\\Command\\Command.php(326): Illuminate\\Console\\Command->execute()
#26 C:\\Users\\Janine\\OneDrive\\Documents\\3rd Year\\AppDev\\AppDevProject-main\\AppDevProject-main\\backend-final\\vendor\\laravel\\framework\\src\\Illuminate\\Console\\Command.php(180): Symfony\\Component\\Console\\Command\\Command->run()
#27 C:\\Users\\Janine\\OneDrive\\Documents\\3rd Year\\AppDev\\AppDevProject-main\\AppDevProject-main\\backend-final\\vendor\\symfony\\console\\Application.php(1096): Illuminate\\Console\\Command->run()
#28 C:\\Users\\Janine\\OneDrive\\Documents\\3rd Year\\AppDev\\AppDevProject-main\\AppDevProject-main\\backend-final\\vendor\\symfony\\console\\Application.php(324): Symfony\\Component\\Console\\Application->doRunCommand()
#29 C:\\Users\\Janine\\OneDrive\\Documents\\3rd Year\\AppDev\\AppDevProject-main\\AppDevProject-main\\backend-final\\vendor\\symfony\\console\\Application.php(175): Symfony\\Component\\Console\\Application->doRun()
#30 C:\\Users\\Janine\\OneDrive\\Documents\\3rd Year\\AppDev\\AppDevProject-main\\AppDevProject-main\\backend-final\\vendor\\laravel\\framework\\src\\Illuminate\\Foundation\\Console\\Kernel.php(201): Symfony\\Component\\Console\\Application->run()
#31 C:\\Users\\Janine\\OneDrive\\Documents\\3rd Year\\AppDev\\AppDevProject-main\\AppDevProject-main\\backend-final\\artisan(35): Illuminate\\Foundation\\Console\\Kernel->handle()
#32 {main}

[previous exception] [object] (PDOException(code: 42S01): SQLSTATE[42S01]: Base table or view already exists: 1050 Table 'users' already exists at C:\\Users\\Janine\\OneDrive\\Documents\\3rd Year\\AppDev\\AppDevProject-main\\AppDevProject-main\\backend-final\\vendor\\laravel\\framework\\src\\Illuminate\\Database\\Connection.php:587)
[stacktrace]
#0 C:\\Users\\Janine\\OneDrive\\Documents\\3rd Year\\AppDev\\AppDevProject-main\\AppDevProject-main\\backend-final\\vendor\\laravel\\framework\\src\\Illuminate\\Database\\Connection.php(587): PDOStatement->execute()
#1 C:\\Users\\Janine\\OneDrive\\Documents\\3rd Year\\AppDev\\AppDevProject-main\\AppDevProject-main\\backend-final\\vendor\\laravel\\framework\\src\\Illuminate\\Database\\Connection.php(816): Illuminate\\Database\\Connection->Illuminate\\Database\\{closure}()
#2 C:\\Users\\Janine\\OneDrive\\Documents\\3rd Year\\AppDev\\AppDevProject-main\\AppDevProject-main\\backend-final\\vendor\\laravel\\framework\\src\\Illuminate\\Database\\Connection.php(783): Illuminate\\Database\\Connection->runQueryCallback()
#3 C:\\Users\\Janine\\OneDrive\\Documents\\3rd Year\\AppDev\\AppDevProject-main\\AppDevProject-main\\backend-final\\vendor\\laravel\\framework\\src\\Illuminate\\Database\\Connection.php(576): Illuminate\\Database\\Connection->run()
#4 C:\\Users\\Janine\\OneDrive\\Documents\\3rd Year\\AppDev\\AppDevProject-main\\AppDevProject-main\\backend-final\\vendor\\laravel\\framework\\src\\Illuminate\\Database\\Schema\\Blueprint.php(110): Illuminate\\Database\\Connection->statement()
#5 C:\\Users\\Janine\\OneDrive\\Documents\\3rd Year\\AppDev\\AppDevProject-main\\AppDevProject-main\\backend-final\\vendor\\laravel\\framework\\src\\Illuminate\\Database\\Schema\\Builder.php(602): Illuminate\\Database\\Schema\\Blueprint->build()
#6 C:\\Users\\Janine\\OneDrive\\Documents\\3rd Year\\AppDev\\AppDevProject-main\\AppDevProject-main\\backend-final\\vendor\\laravel\\framework\\src\\Illuminate\\Database\\Schema\\Builder.php(456): Illuminate\\Database\\Schema\\Builder->build()
#7 C:\\Users\\Janine\\OneDrive\\Documents\\3rd Year\\AppDev\\AppDevProject-main\\AppDevProject-main\\backend-final\\vendor\\laravel\\framework\\src\\Illuminate\\Support\\Facades\\Facade.php(355): Illuminate\\Database\\Schema\\Builder->create()
#8 C:\\Users\\Janine\\OneDrive\\Documents\\3rd Year\\AppDev\\AppDevProject-main\\AppDevProject-main\\backend-final\\database\\migrations\\2024_02_08_192813_create_users_table.php(11): Illuminate\\Support\\Facades\\Facade::__callStatic()
#9 C:\\Users\\Janine\\OneDrive\\Documents\\3rd Year\\AppDev\\AppDevProject-main\\AppDevProject-main\\backend-final\\vendor\\laravel\\framework\\src\\Illuminate\\Database\\Migrations\\Migrator.php(493): CreateUsersTable->up()
#10 C:\\Users\\Janine\\OneDrive\\Documents\\3rd Year\\AppDev\\AppDevProject-main\\AppDevProject-main\\backend-final\\vendor\\laravel\\framework\\src\\Illuminate\\Database\\Migrations\\Migrator.php(410): Illuminate\\Database\\Migrations\\Migrator->runMethod()
#11 C:\\Users\\Janine\\OneDrive\\Documents\\3rd Year\\AppDev\\AppDevProject-main\\AppDevProject-main\\backend-final\\vendor\\laravel\\framework\\src\\Illuminate\\Database\\Migrations\\Migrator.php(419): Illuminate\\Database\\Migrations\\Migrator->Illuminate\\Database\\Migrations\\{closure}()
#12 C:\\Users\\Janine\\OneDrive\\Documents\\3rd Year\\AppDev\\AppDevProject-main\\AppDevProject-main\\backend-final\\vendor\\laravel\\framework\\src\\Illuminate\\Database\\Migrations\\Migrator.php(216): Illuminate\\Database\\Migrations\\Migrator->runMigration()
#13 C:\\Users\\Janine\\OneDrive\\Documents\\3rd Year\\AppDev\\AppDevProject-main\\AppDevProject-main\\backend-final\\vendor\\laravel\\framework\\src\\Illuminate\\Console\\View\\Components\\Task.php(37): Illuminate\\Database\\Migrations\\Migrator->Illuminate\\Database\\Migrations\\{closure}()
#14 C:\\Users\\Janine\\OneDrive\\Documents\\3rd Year\\AppDev\\AppDevProject-main\\AppDevProject-main\\backend-final\\vendor\\laravel\\framework\\src\\Illuminate\\Database\\Migrations\\Migrator.php(756): Illuminate\\Console\\View\\Components\\Task->render()
#15 C:\\Users\\Janine\\OneDrive\\Documents\\3rd Year\\AppDev\\AppDevProject-main\\AppDevProject-main\\backend-final\\vendor\\laravel\\framework\\src\\Illuminate\\Database\\Migrations\\Migrator.php(216): Illuminate\\Database\\Migrations\\Migrator->write()
#16 C:\\Users\\Janine\\OneDrive\\Documents\\3rd Year\\AppDev\\AppDevProject-main\\AppDevProject-main\\backend-final\\vendor\\laravel\\framework\\src\\Illuminate\\Database\\Migrations\\Migrator.php(181): Illuminate\\Database\\Migrations\\Migrator->runUp()
#17 C:\\Users\\Janine\\OneDrive\\Documents\\3rd Year\\AppDev\\AppDevProject-main\\AppDevProject-main\\backend-final\\vendor\\laravel\\framework\\src\\Illuminate\\Database\\Migrations\\Migrator.php(124): Illuminate\\Database\\Migrations\\Migrator->runPending()
#18 C:\\Users\\Janine\\OneDrive\\Documents\\3rd Year\\AppDev\\AppDevProject-main\\AppDevProject-main\\backend-final\\vendor\\laravel\\framework\\src\\Illuminate\\Database\\Console\\Migrations\\MigrateCommand.php(90): Illuminate\\Database\\Migrations\\Migrator->run()
#19 C:\\Users\\Janine\\OneDrive\\Documents\\3rd Year\\AppDev\\AppDevProject-main\\AppDevProject-main\\backend-final\\vendor\\laravel\\framework\\src\\Illuminate\\Database\\Migrations\\Migrator.php(633): Illuminate\\Database\\Console\\Migrations\\MigrateCommand->Illuminate\\Database\\Console\\Migrations\\{closure}()
#20 C:\\Users\\Janine\\OneDrive\\Documents\\3rd Year\\AppDev\\AppDevProject-main\\AppDevProject-main\\backend-final\\vendor\\laravel\\framework\\src\\Illuminate\\Database\\Console\\Migrations\\MigrateCommand.php(83): Illuminate\\Database\\Migrations\\Migrator->usingConnection()
#21 C:\\Users\\Janine\\OneDrive\\Documents\\3rd Year\\AppDev\\AppDevProject-main\\AppDevProject-main\\backend-final\\vendor\\laravel\\framework\\src\\Illuminate\\Container\\BoundMethod.php(36): Illuminate\\Database\\Console\\Migrations\\MigrateCommand->handle()
#22 C:\\Users\\Janine\\OneDrive\\Documents\\3rd Year\\AppDev\\AppDevProject-main\\AppDevProject-main\\backend-final\\vendor\\laravel\\framework\\src\\Illuminate\\Container\\Util.php(41): Illuminate\\Container\\BoundMethod::Illuminate\\Container\\{closure}()
#23 C:\\Users\\Janine\\OneDrive\\Documents\\3rd Year\\AppDev\\AppDevProject-main\\AppDevProject-main\\backend-final\\vendor\\laravel\\framework\\src\\Illuminate\\Container\\BoundMethod.php(93): Illuminate\\Container\\Util::unwrapIfClosure()
#24 C:\\Users\\Janine\\OneDrive\\Documents\\3rd Year\\AppDev\\AppDevProject-main\\AppDevProject-main\\backend-final\\vendor\\laravel\\framework\\src\\Illuminate\\Container\\BoundMethod.php(35): Illuminate\\Container\\BoundMethod::callBoundMethod()
#25 C:\\Users\\Janine\\OneDrive\\Documents\\3rd Year\\AppDev\\AppDevProject-main\\AppDevProject-main\\backend-final\\vendor\\laravel\\framework\\src\\Illuminate\\Container\\Container.php(662): Illuminate\\Container\\BoundMethod::call()
#26 C:\\Users\\Janine\\OneDrive\\Documents\\3rd Year\\AppDev\\AppDevProject-main\\AppDevProject-main\\backend-final\\vendor\\laravel\\framework\\src\\Illuminate\\Console\\Command.php(211): Illuminate\\Container\\Container->call()
#27 C:\\Users\\Janine\\OneDrive\\Documents\\3rd Year\\AppDev\\AppDevProject-main\\AppDevProject-main\\backend-final\\vendor\\symfony\\console\\Command\\Command.php(326): Illuminate\\Console\\Command->execute()
#28 C:\\Users\\Janine\\OneDrive\\Documents\\3rd Year\\AppDev\\AppDevProject-main\\AppDevProject-main\\backend-final\\vendor\\laravel\\framework\\src\\Illuminate\\Console\\Command.php(180): Symfony\\Component\\Console\\Command\\Command->run()
#29 C:\\Users\\Janine\\OneDrive\\Documents\\3rd Year\\AppDev\\AppDevProject-main\\AppDevProject-main\\backend-final\\vendor\\symfony\\console\\Application.php(1096): Illuminate\\Console\\Command->run()
#30 C:\\Users\\Janine\\OneDrive\\Documents\\3rd Year\\AppDev\\AppDevProject-main\\AppDevProject-main\\backend-final\\vendor\\symfony\\console\\Application.php(324): Symfony\\Component\\Console\\Application->doRunCommand()
#31 C:\\Users\\Janine\\OneDrive\\Documents\\3rd Year\\AppDev\\AppDevProject-main\\AppDevProject-main\\backend-final\\vendor\\symfony\\console\\Application.php(175): Symfony\\Component\\Console\\Application->doRun()
#32 C:\\Users\\Janine\\OneDrive\\Documents\\3rd Year\\AppDev\\AppDevProject-main\\AppDevProject-main\\backend-final\\vendor\\laravel\\framework\\src\\Illuminate\\Foundation\\Console\\Kernel.php(201): Symfony\\Component\\Console\\Application->run()
#33 C:\\Users\\Janine\\OneDrive\\Documents\\3rd Year\\AppDev\\AppDevProject-main\\AppDevProject-main\\backend-final\\artisan(35): Illuminate\\Foundation\\Console\\Kernel->handle()
#34 {main}
"} 
[2024-02-10 17:42:51] production.ERROR: SQLSTATE[42S01]: Base table or view already exists: 1050 Table 'users' already exists (Connection: mysql, SQL: create table `users` (`id` bigint unsigned not null auto_increment primary key, `first_name` varchar(255) not null, `last_name` varchar(255) not null, `username` varchar(255) not null, `email` varchar(255) not null, `password` varchar(255) not null, `password_confirmation` varchar(255) not null, `created_at` timestamp null, `updated_at` timestamp null) default character set utf8mb4 collate 'utf8mb4_unicode_ci') {"exception":"[object] (Illuminate\\Database\\QueryException(code: 42S01): SQLSTATE[42S01]: Base table or view already exists: 1050 Table 'users' already exists (Connection: mysql, SQL: create table `users` (`id` bigint unsigned not null auto_increment primary key, `first_name` varchar(255) not null, `last_name` varchar(255) not null, `username` varchar(255) not null, `email` varchar(255) not null, `password` varchar(255) not null, `password_confirmation` varchar(255) not null, `created_at` timestamp null, `updated_at` timestamp null) default character set utf8mb4 collate 'utf8mb4_unicode_ci') at C:\\Users\\Janine\\OneDrive\\Documents\\3rd Year\\AppDev\\AppDevProject-main\\AppDevProject-main\\backend-final\\vendor\\laravel\\framework\\src\\Illuminate\\Database\\Connection.php:829)
[stacktrace]
#0 C:\\Users\\Janine\\OneDrive\\Documents\\3rd Year\\AppDev\\AppDevProject-main\\AppDevProject-main\\backend-final\\vendor\\laravel\\framework\\src\\Illuminate\\Database\\Connection.php(783): Illuminate\\Database\\Connection->runQueryCallback()
#1 C:\\Users\\Janine\\OneDrive\\Documents\\3rd Year\\AppDev\\AppDevProject-main\\AppDevProject-main\\backend-final\\vendor\\laravel\\framework\\src\\Illuminate\\Database\\Connection.php(576): Illuminate\\Database\\Connection->run()
#2 C:\\Users\\Janine\\OneDrive\\Documents\\3rd Year\\AppDev\\AppDevProject-main\\AppDevProject-main\\backend-final\\vendor\\laravel\\framework\\src\\Illuminate\\Database\\Schema\\Blueprint.php(110): Illuminate\\Database\\Connection->statement()
#3 C:\\Users\\Janine\\OneDrive\\Documents\\3rd Year\\AppDev\\AppDevProject-main\\AppDevProject-main\\backend-final\\vendor\\laravel\\framework\\src\\Illuminate\\Database\\Schema\\Builder.php(602): Illuminate\\Database\\Schema\\Blueprint->build()
#4 C:\\Users\\Janine\\OneDrive\\Documents\\3rd Year\\AppDev\\AppDevProject-main\\AppDevProject-main\\backend-final\\vendor\\laravel\\framework\\src\\Illuminate\\Database\\Schema\\Builder.php(456): Illuminate\\Database\\Schema\\Builder->build()
#5 C:\\Users\\Janine\\OneDrive\\Documents\\3rd Year\\AppDev\\AppDevProject-main\\AppDevProject-main\\backend-final\\vendor\\laravel\\framework\\src\\Illuminate\\Support\\Facades\\Facade.php(355): Illuminate\\Database\\Schema\\Builder->create()
#6 C:\\Users\\Janine\\OneDrive\\Documents\\3rd Year\\AppDev\\AppDevProject-main\\AppDevProject-main\\backend-final\\database\\migrations\\2024_02_08_192813_create_users_table.php(11): Illuminate\\Support\\Facades\\Facade::__callStatic()
#7 C:\\Users\\Janine\\OneDrive\\Documents\\3rd Year\\AppDev\\AppDevProject-main\\AppDevProject-main\\backend-final\\vendor\\laravel\\framework\\src\\Illuminate\\Database\\Migrations\\Migrator.php(493): CreateUsersTable->up()
#8 C:\\Users\\Janine\\OneDrive\\Documents\\3rd Year\\AppDev\\AppDevProject-main\\AppDevProject-main\\backend-final\\vendor\\laravel\\framework\\src\\Illuminate\\Database\\Migrations\\Migrator.php(410): Illuminate\\Database\\Migrations\\Migrator->runMethod()
#9 C:\\Users\\Janine\\OneDrive\\Documents\\3rd Year\\AppDev\\AppDevProject-main\\AppDevProject-main\\backend-final\\vendor\\laravel\\framework\\src\\Illuminate\\Database\\Migrations\\Migrator.php(419): Illuminate\\Database\\Migrations\\Migrator->Illuminate\\Database\\Migrations\\{closure}()
#10 C:\\Users\\Janine\\OneDrive\\Documents\\3rd Year\\AppDev\\AppDevProject-main\\AppDevProject-main\\backend-final\\vendor\\laravel\\framework\\src\\Illuminate\\Database\\Migrations\\Migrator.php(216): Illuminate\\Database\\Migrations\\Migrator->runMigration()
#11 C:\\Users\\Janine\\OneDrive\\Documents\\3rd Year\\AppDev\\AppDevProject-main\\AppDevProject-main\\backend-final\\vendor\\laravel\\framework\\src\\Illuminate\\Console\\View\\Components\\Task.php(37): Illuminate\\Database\\Migrations\\Migrator->Illuminate\\Database\\Migrations\\{closure}()
#12 C:\\Users\\Janine\\OneDrive\\Documents\\3rd Year\\AppDev\\AppDevProject-main\\AppDevProject-main\\backend-final\\vendor\\laravel\\framework\\src\\Illuminate\\Database\\Migrations\\Migrator.php(756): Illuminate\\Console\\View\\Components\\Task->render()
#13 C:\\Users\\Janine\\OneDrive\\Documents\\3rd Year\\AppDev\\AppDevProject-main\\AppDevProject-main\\backend-final\\vendor\\laravel\\framework\\src\\Illuminate\\Database\\Migrations\\Migrator.php(216): Illuminate\\Database\\Migrations\\Migrator->write()
#14 C:\\Users\\Janine\\OneDrive\\Documents\\3rd Year\\AppDev\\AppDevProject-main\\AppDevProject-main\\backend-final\\vendor\\laravel\\framework\\src\\Illuminate\\Database\\Migrations\\Migrator.php(181): Illuminate\\Database\\Migrations\\Migrator->runUp()
#15 C:\\Users\\Janine\\OneDrive\\Documents\\3rd Year\\AppDev\\AppDevProject-main\\AppDevProject-main\\backend-final\\vendor\\laravel\\framework\\src\\Illuminate\\Database\\Migrations\\Migrator.php(124): Illuminate\\Database\\Migrations\\Migrator->runPending()
#16 C:\\Users\\Janine\\OneDrive\\Documents\\3rd Year\\AppDev\\AppDevProject-main\\AppDevProject-main\\backend-final\\vendor\\laravel\\framework\\src\\Illuminate\\Database\\Console\\Migrations\\MigrateCommand.php(90): Illuminate\\Database\\Migrations\\Migrator->run()
#17 C:\\Users\\Janine\\OneDrive\\Documents\\3rd Year\\AppDev\\AppDevProject-main\\AppDevProject-main\\backend-final\\vendor\\laravel\\framework\\src\\Illuminate\\Database\\Migrations\\Migrator.php(633): Illuminate\\Database\\Console\\Migrations\\MigrateCommand->Illuminate\\Database\\Console\\Migrations\\{closure}()
#18 C:\\Users\\Janine\\OneDrive\\Documents\\3rd Year\\AppDev\\AppDevProject-main\\AppDevProject-main\\backend-final\\vendor\\laravel\\framework\\src\\Illuminate\\Database\\Console\\Migrations\\MigrateCommand.php(83): Illuminate\\Database\\Migrations\\Migrator->usingConnection()
#19 C:\\Users\\Janine\\OneDrive\\Documents\\3rd Year\\AppDev\\AppDevProject-main\\AppDevProject-main\\backend-final\\vendor\\laravel\\framework\\src\\Illuminate\\Container\\BoundMethod.php(36): Illuminate\\Database\\Console\\Migrations\\MigrateCommand->handle()
#20 C:\\Users\\Janine\\OneDrive\\Documents\\3rd Year\\AppDev\\AppDevProject-main\\AppDevProject-main\\backend-final\\vendor\\laravel\\framework\\src\\Illuminate\\Container\\Util.php(41): Illuminate\\Container\\BoundMethod::Illuminate\\Container\\{closure}()
#21 C:\\Users\\Janine\\OneDrive\\Documents\\3rd Year\\AppDev\\AppDevProject-main\\AppDevProject-main\\backend-final\\vendor\\laravel\\framework\\src\\Illuminate\\Container\\BoundMethod.php(93): Illuminate\\Container\\Util::unwrapIfClosure()
#22 C:\\Users\\Janine\\OneDrive\\Documents\\3rd Year\\AppDev\\AppDevProject-main\\AppDevProject-main\\backend-final\\vendor\\laravel\\framework\\src\\Illuminate\\Container\\BoundMethod.php(35): Illuminate\\Container\\BoundMethod::callBoundMethod()
#23 C:\\Users\\Janine\\OneDrive\\Documents\\3rd Year\\AppDev\\AppDevProject-main\\AppDevProject-main\\backend-final\\vendor\\laravel\\framework\\src\\Illuminate\\Container\\Container.php(662): Illuminate\\Container\\BoundMethod::call()
#24 C:\\Users\\Janine\\OneDrive\\Documents\\3rd Year\\AppDev\\AppDevProject-main\\AppDevProject-main\\backend-final\\vendor\\laravel\\framework\\src\\Illuminate\\Console\\Command.php(211): Illuminate\\Container\\Container->call()
#25 C:\\Users\\Janine\\OneDrive\\Documents\\3rd Year\\AppDev\\AppDevProject-main\\AppDevProject-main\\backend-final\\vendor\\symfony\\console\\Command\\Command.php(326): Illuminate\\Console\\Command->execute()
#26 C:\\Users\\Janine\\OneDrive\\Documents\\3rd Year\\AppDev\\AppDevProject-main\\AppDevProject-main\\backend-final\\vendor\\laravel\\framework\\src\\Illuminate\\Console\\Command.php(180): Symfony\\Component\\Console\\Command\\Command->run()
#27 C:\\Users\\Janine\\OneDrive\\Documents\\3rd Year\\AppDev\\AppDevProject-main\\AppDevProject-main\\backend-final\\vendor\\symfony\\console\\Application.php(1096): Illuminate\\Console\\Command->run()
#28 C:\\Users\\Janine\\OneDrive\\Documents\\3rd Year\\AppDev\\AppDevProject-main\\AppDevProject-main\\backend-final\\vendor\\symfony\\console\\Application.php(324): Symfony\\Component\\Console\\Application->doRunCommand()
#29 C:\\Users\\Janine\\OneDrive\\Documents\\3rd Year\\AppDev\\AppDevProject-main\\AppDevProject-main\\backend-final\\vendor\\symfony\\console\\Application.php(175): Symfony\\Component\\Console\\Application->doRun()
#30 C:\\Users\\Janine\\OneDrive\\Documents\\3rd Year\\AppDev\\AppDevProject-main\\AppDevProject-main\\backend-final\\vendor\\laravel\\framework\\src\\Illuminate\\Foundation\\Console\\Kernel.php(201): Symfony\\Component\\Console\\Application->run()
#31 C:\\Users\\Janine\\OneDrive\\Documents\\3rd Year\\AppDev\\AppDevProject-main\\AppDevProject-main\\backend-final\\artisan(35): Illuminate\\Foundation\\Console\\Kernel->handle()
#32 {main}

[previous exception] [object] (PDOException(code: 42S01): SQLSTATE[42S01]: Base table or view already exists: 1050 Table 'users' already exists at C:\\Users\\Janine\\OneDrive\\Documents\\3rd Year\\AppDev\\AppDevProject-main\\AppDevProject-main\\backend-final\\vendor\\laravel\\framework\\src\\Illuminate\\Database\\Connection.php:587)
[stacktrace]
#0 C:\\Users\\Janine\\OneDrive\\Documents\\3rd Year\\AppDev\\AppDevProject-main\\AppDevProject-main\\backend-final\\vendor\\laravel\\framework\\src\\Illuminate\\Database\\Connection.php(587): PDOStatement->execute()
#1 C:\\Users\\Janine\\OneDrive\\Documents\\3rd Year\\AppDev\\AppDevProject-main\\AppDevProject-main\\backend-final\\vendor\\laravel\\framework\\src\\Illuminate\\Database\\Connection.php(816): Illuminate\\Database\\Connection->Illuminate\\Database\\{closure}()
#2 C:\\Users\\Janine\\OneDrive\\Documents\\3rd Year\\AppDev\\AppDevProject-main\\AppDevProject-main\\backend-final\\vendor\\laravel\\framework\\src\\Illuminate\\Database\\Connection.php(783): Illuminate\\Database\\Connection->runQueryCallback()
#3 C:\\Users\\Janine\\OneDrive\\Documents\\3rd Year\\AppDev\\AppDevProject-main\\AppDevProject-main\\backend-final\\vendor\\laravel\\framework\\src\\Illuminate\\Database\\Connection.php(576): Illuminate\\Database\\Connection->run()
#4 C:\\Users\\Janine\\OneDrive\\Documents\\3rd Year\\AppDev\\AppDevProject-main\\AppDevProject-main\\backend-final\\vendor\\laravel\\framework\\src\\Illuminate\\Database\\Schema\\Blueprint.php(110): Illuminate\\Database\\Connection->statement()
#5 C:\\Users\\Janine\\OneDrive\\Documents\\3rd Year\\AppDev\\AppDevProject-main\\AppDevProject-main\\backend-final\\vendor\\laravel\\framework\\src\\Illuminate\\Database\\Schema\\Builder.php(602): Illuminate\\Database\\Schema\\Blueprint->build()
#6 C:\\Users\\Janine\\OneDrive\\Documents\\3rd Year\\AppDev\\AppDevProject-main\\AppDevProject-main\\backend-final\\vendor\\laravel\\framework\\src\\Illuminate\\Database\\Schema\\Builder.php(456): Illuminate\\Database\\Schema\\Builder->build()
#7 C:\\Users\\Janine\\OneDrive\\Documents\\3rd Year\\AppDev\\AppDevProject-main\\AppDevProject-main\\backend-final\\vendor\\laravel\\framework\\src\\Illuminate\\Support\\Facades\\Facade.php(355): Illuminate\\Database\\Schema\\Builder->create()
#8 C:\\Users\\Janine\\OneDrive\\Documents\\3rd Year\\AppDev\\AppDevProject-main\\AppDevProject-main\\backend-final\\database\\migrations\\2024_02_08_192813_create_users_table.php(11): Illuminate\\Support\\Facades\\Facade::__callStatic()
#9 C:\\Users\\Janine\\OneDrive\\Documents\\3rd Year\\AppDev\\AppDevProject-main\\AppDevProject-main\\backend-final\\vendor\\laravel\\framework\\src\\Illuminate\\Database\\Migrations\\Migrator.php(493): CreateUsersTable->up()
#10 C:\\Users\\Janine\\OneDrive\\Documents\\3rd Year\\AppDev\\AppDevProject-main\\AppDevProject-main\\backend-final\\vendor\\laravel\\framework\\src\\Illuminate\\Database\\Migrations\\Migrator.php(410): Illuminate\\Database\\Migrations\\Migrator->runMethod()
#11 C:\\Users\\Janine\\OneDrive\\Documents\\3rd Year\\AppDev\\AppDevProject-main\\AppDevProject-main\\backend-final\\vendor\\laravel\\framework\\src\\Illuminate\\Database\\Migrations\\Migrator.php(419): Illuminate\\Database\\Migrations\\Migrator->Illuminate\\Database\\Migrations\\{closure}()
#12 C:\\Users\\Janine\\OneDrive\\Documents\\3rd Year\\AppDev\\AppDevProject-main\\AppDevProject-main\\backend-final\\vendor\\laravel\\framework\\src\\Illuminate\\Database\\Migrations\\Migrator.php(216): Illuminate\\Database\\Migrations\\Migrator->runMigration()
#13 C:\\Users\\Janine\\OneDrive\\Documents\\3rd Year\\AppDev\\AppDevProject-main\\AppDevProject-main\\backend-final\\vendor\\laravel\\framework\\src\\Illuminate\\Console\\View\\Components\\Task.php(37): Illuminate\\Database\\Migrations\\Migrator->Illuminate\\Database\\Migrations\\{closure}()
#14 C:\\Users\\Janine\\OneDrive\\Documents\\3rd Year\\AppDev\\AppDevProject-main\\AppDevProject-main\\backend-final\\vendor\\laravel\\framework\\src\\Illuminate\\Database\\Migrations\\Migrator.php(756): Illuminate\\Console\\View\\Components\\Task->render()
#15 C:\\Users\\Janine\\OneDrive\\Documents\\3rd Year\\AppDev\\AppDevProject-main\\AppDevProject-main\\backend-final\\vendor\\laravel\\framework\\src\\Illuminate\\Database\\Migrations\\Migrator.php(216): Illuminate\\Database\\Migrations\\Migrator->write()
#16 C:\\Users\\Janine\\OneDrive\\Documents\\3rd Year\\AppDev\\AppDevProject-main\\AppDevProject-main\\backend-final\\vendor\\laravel\\framework\\src\\Illuminate\\Database\\Migrations\\Migrator.php(181): Illuminate\\Database\\Migrations\\Migrator->runUp()
#17 C:\\Users\\Janine\\OneDrive\\Documents\\3rd Year\\AppDev\\AppDevProject-main\\AppDevProject-main\\backend-final\\vendor\\laravel\\framework\\src\\Illuminate\\Database\\Migrations\\Migrator.php(124): Illuminate\\Database\\Migrations\\Migrator->runPending()
#18 C:\\Users\\Janine\\OneDrive\\Documents\\3rd Year\\AppDev\\AppDevProject-main\\AppDevProject-main\\backend-final\\vendor\\laravel\\framework\\src\\Illuminate\\Database\\Console\\Migrations\\MigrateCommand.php(90): Illuminate\\Database\\Migrations\\Migrator->run()
#19 C:\\Users\\Janine\\OneDrive\\Documents\\3rd Year\\AppDev\\AppDevProject-main\\AppDevProject-main\\backend-final\\vendor\\laravel\\framework\\src\\Illuminate\\Database\\Migrations\\Migrator.php(633): Illuminate\\Database\\Console\\Migrations\\MigrateCommand->Illuminate\\Database\\Console\\Migrations\\{closure}()
#20 C:\\Users\\Janine\\OneDrive\\Documents\\3rd Year\\AppDev\\AppDevProject-main\\AppDevProject-main\\backend-final\\vendor\\laravel\\framework\\src\\Illuminate\\Database\\Console\\Migrations\\MigrateCommand.php(83): Illuminate\\Database\\Migrations\\Migrator->usingConnection()
#21 C:\\Users\\Janine\\OneDrive\\Documents\\3rd Year\\AppDev\\AppDevProject-main\\AppDevProject-main\\backend-final\\vendor\\laravel\\framework\\src\\Illuminate\\Container\\BoundMethod.php(36): Illuminate\\Database\\Console\\Migrations\\MigrateCommand->handle()
#22 C:\\Users\\Janine\\OneDrive\\Documents\\3rd Year\\AppDev\\AppDevProject-main\\AppDevProject-main\\backend-final\\vendor\\laravel\\framework\\src\\Illuminate\\Container\\Util.php(41): Illuminate\\Container\\BoundMethod::Illuminate\\Container\\{closure}()
#23 C:\\Users\\Janine\\OneDrive\\Documents\\3rd Year\\AppDev\\AppDevProject-main\\AppDevProject-main\\backend-final\\vendor\\laravel\\framework\\src\\Illuminate\\Container\\BoundMethod.php(93): Illuminate\\Container\\Util::unwrapIfClosure()
#24 C:\\Users\\Janine\\OneDrive\\Documents\\3rd Year\\AppDev\\AppDevProject-main\\AppDevProject-main\\backend-final\\vendor\\laravel\\framework\\src\\Illuminate\\Container\\BoundMethod.php(35): Illuminate\\Container\\BoundMethod::callBoundMethod()
#25 C:\\Users\\Janine\\OneDrive\\Documents\\3rd Year\\AppDev\\AppDevProject-main\\AppDevProject-main\\backend-final\\vendor\\laravel\\framework\\src\\Illuminate\\Container\\Container.php(662): Illuminate\\Container\\BoundMethod::call()
#26 C:\\Users\\Janine\\OneDrive\\Documents\\3rd Year\\AppDev\\AppDevProject-main\\AppDevProject-main\\backend-final\\vendor\\laravel\\framework\\src\\Illuminate\\Console\\Command.php(211): Illuminate\\Container\\Container->call()
#27 C:\\Users\\Janine\\OneDrive\\Documents\\3rd Year\\AppDev\\AppDevProject-main\\AppDevProject-main\\backend-final\\vendor\\symfony\\console\\Command\\Command.php(326): Illuminate\\Console\\Command->execute()
#28 C:\\Users\\Janine\\OneDrive\\Documents\\3rd Year\\AppDev\\AppDevProject-main\\AppDevProject-main\\backend-final\\vendor\\laravel\\framework\\src\\Illuminate\\Console\\Command.php(180): Symfony\\Component\\Console\\Command\\Command->run()
#29 C:\\Users\\Janine\\OneDrive\\Documents\\3rd Year\\AppDev\\AppDevProject-main\\AppDevProject-main\\backend-final\\vendor\\symfony\\console\\Application.php(1096): Illuminate\\Console\\Command->run()
#30 C:\\Users\\Janine\\OneDrive\\Documents\\3rd Year\\AppDev\\AppDevProject-main\\AppDevProject-main\\backend-final\\vendor\\symfony\\console\\Application.php(324): Symfony\\Component\\Console\\Application->doRunCommand()
#31 C:\\Users\\Janine\\OneDrive\\Documents\\3rd Year\\AppDev\\AppDevProject-main\\AppDevProject-main\\backend-final\\vendor\\symfony\\console\\Application.php(175): Symfony\\Component\\Console\\Application->doRun()
#32 C:\\Users\\Janine\\OneDrive\\Documents\\3rd Year\\AppDev\\AppDevProject-main\\AppDevProject-main\\backend-final\\vendor\\laravel\\framework\\src\\Illuminate\\Foundation\\Console\\Kernel.php(201): Symfony\\Component\\Console\\Application->run()
#33 C:\\Users\\Janine\\OneDrive\\Documents\\3rd Year\\AppDev\\AppDevProject-main\\AppDevProject-main\\backend-final\\artisan(35): Illuminate\\Foundation\\Console\\Kernel->handle()
#34 {main}
"} 
[2024-02-10 17:50:15] production.ERROR: Registration failed: SQLSTATE[42S22]: Column not found: 1054 Unknown column 'username' in 'where clause' (Connection: mysql, SQL: select count(*) as aggregate from `users` where `username` = janmemo)  
[2024-02-11 02:08:36] production.ERROR: Login failed: SQLSTATE[HY000] [2002] No connection could be made because the target machine actively refused it (Connection: mysql, SQL: select * from `users` where `email` is null limit 1)  
[2024-02-11 02:37:16] production.ERROR: Login failed: SQLSTATE[HY000] [2002] No connection could be made because the target machine actively refused it (Connection: mysql, SQL: select * from `users` where `email` is null limit 1)  
[2024-02-11 02:39:05] production.ERROR: Registration failed: SQLSTATE[HY000] [2002] No connection could be made because the target machine actively refused it (Connection: mysql, SQL: select count(*) as aggregate from `users` where `username` = janie)  
